<?xml version="1.0" encoding="UTF-8"?>
<testng-results ignored="0" total="1" passed="1" failed="0" skipped="0">
  <reporter-output>
  </reporter-output>
  <suite started-at="2025-12-15T10:47:19Z" name="Default suite" finished-at="2025-12-15T10:48:47Z" duration-ms="88000">
    <groups>
    </groups>
    <test started-at="2025-12-15T10:47:19Z" name="Default test" finished-at="2025-12-15T10:48:47Z" duration-ms="88000">
      <class name="javaPackage.Test1">
        <test-method signature="a()[pri:0, instance:javaPackage.Test1@1033576a]" started-at="2025-12-15T10:47:19Z" name="a" finished-at="2025-12-15T10:48:47Z" duration-ms="87941" status="PASS">
          <reporter-output>
          </reporter-output>
        </test-method> <!-- a -->
      </class> <!-- javaPackage.Test1 -->
    </test> <!-- Default test -->
  </suite> <!-- Default suite -->
</testng-results>
